Initialized Twiddler with
p = [0, 0, 0, 0, 0, 0, ]
dp = [0.01, 0.01, 0.01, 0.01, 0.01, 0.01, ]
Initialized Twiddler with
p = [0, 0, 0, ]
dp = [0.01, 0.01, 0.01, ]
Changed p from
p = []
to
p = [0.11, 0.001, 2, ]
Changed dp from
dp = []
to
dp = [0.01, 0.0001, 0.1, ]
Listening to port 4567
Connected!!!
1524356150552 | Run stats (1568 samples):
1524356150552 |    >Mean absolute error = 0.48834
1524356150552 |     Stdd absolute error = 0.284465
1524356150552 |     Mean error          = 0.161414
1524356150552 |    >Stdd error          = 0.497022
1524356150552 |    ==> objective = 1.4737

1524356150552 | ----------------------i=0----------------------
1524356150552 | Try increasing p[0].
1524356150552 | p = [0.12, 0.001, 2, ]
1524356225443 | Run stats (1568 samples):
1524356225443 |    >Mean absolute error = 0.469141
1524356225443 |     Stdd absolute error = 0.237434
1524356225443 |     Mean error          = 0.1872
1524356225443 |    >Stdd error          = 0.422601
1524356225443 |    ==> objective = 1.36088
1524356225443 | err=1.36088 < best=inf; increase of p[0] succeeded!
1524356225443 | Recording new best error of 1.36088 and increasing dp[0].
1524356225443 | dp = [0.015, 0.0001, 0.1, ]
1524356225443 | Best error decreased to 1.36088.
1524356225443 | Moving on from parameter 0.

1524356225444 | ----------------------i=1----------------------
1524356225444 | Try increasing p[1].
1524356225444 | p = [0.12, 0.0011, 2, ]
1524356299308 | Run stats (1568 samples):
1524356299308 |    >Mean absolute error = 0.462122
1524356299308 |     Stdd absolute error = 0.232469
1524356299308 |     Mean error          = 0.151421
1524356299308 |    >Stdd error          = 0.423219
1524356299308 |    ==> objective = 1.34746
1524356299308 | err=1.34746 < best=1.36088; increase of p[1] succeeded!
1524356299308 | Recording new best error of 1.34746 and increasing dp[1].
1524356299308 | dp = [0.015, 0.00015, 0.1, ]
1524356299308 | Best error decreased to 1.34746.
1524356299308 | Moving on from parameter 1.

1524356299308 | ----------------------i=2----------------------
1524356299308 | Try increasing p[2].
1524356299308 | p = [0.12, 0.0011, 2.1, ]
1524356372832 | Run stats (1568 samples):
1524356372832 |    >Mean absolute error = 0.454458
1524356372832 |     Stdd absolute error = 0.222347
1524356372832 |     Mean error          = 0.152005
1524356372832 |    >Stdd error          = 0.40589
1524356372832 |    ==> objective = 1.31481
1524356372832 | err=1.31481 < best=1.34746; increase of p[2] succeeded!
1524356372832 | Recording new best error of 1.31481 and increasing dp[2].
1524356372832 | dp = [0.015, 0.00015, 0.15, ]
1524356372832 | Best error decreased to 1.31481.
1524356372832 | Moving on from parameter 2.

1524356372832 | =============Twiddle iteration 1==============
1524356372832 | Not yet converged. sum(dp)=0.16515 > tol=0.001

1524356372832 | ----------------------i=0----------------------
1524356372832 | Try increasing p[0].
1524356372832 | p = [0.135, 0.0011, 2.1, ]
1524356446277 | Run stats (1568 samples):
1524356446277 |    >Mean absolute error = 0.45799
1524356446277 |     Stdd absolute error = 0.216395
1524356446277 |     Mean error          = 0.174764
1524356446277 |    >Stdd error          = 0.395722
1524356446277 |    ==> objective = 1.3117
1524356446277 | err=1.3117 < best=1.31481; increase of p[0] succeeded!
1524356446277 | Recording new best error of 1.3117 and increasing dp[0].
1524356446277 | dp = [0.0225, 0.00015, 0.15, ]
1524356446277 | Best error decreased to 1.3117.
1524356446277 | Moving on from parameter 0.

1524356446277 | ----------------------i=1----------------------
1524356446277 | Try increasing p[1].
1524356446277 | p = [0.135, 0.00125, 2.1, ]
1524356519912 | Run stats (1568 samples):
1524356519912 |    >Mean absolute error = 0.504983
1524356519912 |     Stdd absolute error = 0.242468
1524356519912 |     Mean error          = 0.100634
1524356519912 |    >Stdd error          = 0.487506
1524356519912 |    ==> objective = 1.49747
1524356519912 | err=1.49747 >= best=1.3117; increase failed!

1524356519912 | Try decreasing p[1].
1524356519912 | p = [0.135, 0.00095, 2.1, ]
1524356593424 | Run stats (1568 samples):
1524356593424 |    >Mean absolute error = 0.466601
1524356593424 |     Stdd absolute error = 0.261073
1524356593424 |     Mean error          = 0.20883
1524356593424 |    >Stdd error          = 0.435291
1524356593424 |    ==> objective = 1.36849
1524356593424 | err=1.36849 >= best=1.3117; decrease failed!
1524356593424 | p = [0.135, 0.0011, 2.1, ]

1524356593424 | Failed twiddle.
1524356593424 | Decreasing dp[1]
1524356593424 | dp = [0.0225, 0.0001, 0.15, ]
1524356593424 | Moving on from parameter 1.

1524356593424 | ----------------------i=2----------------------
1524356593424 | Try increasing p[2].
1524356593424 | p = [0.135, 0.0011, 2.25, ]
1524356666855 | Run stats (1568 samples):
1524356666855 |    >Mean absolute error = 0.420202
1524356666855 |     Stdd absolute error = 0.206983
1524356666855 |     Mean error          = 0.14295
1524356666855 |    >Stdd error          = 0.363218
1524356666855 |    ==> objective = 1.20362
1524356666855 | err=1.20362 < best=1.3117; increase of p[2] succeeded!
1524356666855 | Recording new best error of 1.20362 and increasing dp[2].
1524356666855 | dp = [0.0225, 0.0001, 0.225, ]
1524356666855 | Best error decreased to 1.20362.
1524356666855 | Moving on from parameter 2.

1524356666855 | =============Twiddle iteration 2==============
1524356666855 | Not yet converged. sum(dp)=0.2476 > tol=0.001

1524356666855 | ----------------------i=0----------------------
1524356666855 | Try increasing p[0].
1524356666855 | p = [0.1575, 0.0011, 2.25, ]
1524356740204 | Run stats (1568 samples):
1524356740204 |    >Mean absolute error = 0.361706
1524356740204 |     Stdd absolute error = 0.174587
1524356740204 |     Mean error          = 0.137121
1524356740204 |    >Stdd error          = 0.286687
1524356740204 |    ==> objective = 1.0101
1524356740204 | err=1.0101 < best=1.20362; increase of p[0] succeeded!
1524356740204 | Recording new best error of 1.0101 and increasing dp[0].
1524356740204 | dp = [0.03375, 0.0001, 0.225, ]
1524356740204 | Best error decreased to 1.0101.
1524356740204 | Moving on from parameter 0.

1524356740204 | ----------------------i=1----------------------
1524356740204 | Try increasing p[1].
1524356740204 | p = [0.1575, 0.0012, 2.25, ]
1524356815136 | Run stats (1568 samples):
1524356815136 |    >Mean absolute error = 0.381822
1524356815136 |     Stdd absolute error = 0.185966
1524356815136 |     Mean error          = 0.142747
1524356815136 |    >Stdd error          = 0.311458
1524356815136 |    ==> objective = 1.0751
1524356815136 | err=1.0751 >= best=1.0101; increase failed!

1524356815136 | Try decreasing p[1].
1524356815136 | p = [0.1575, 0.001, 2.25, ]
1524356888287 | Run stats (1568 samples):
1524356888287 |    >Mean absolute error = 0.381505
1524356888288 |     Stdd absolute error = 0.176955
1524356888288 |     Mean error          = 0.168366
1524356888288 |    >Stdd error          = 0.294229
1524356888288 |    ==> objective = 1.05724
1524356888288 | err=1.05724 >= best=1.0101; decrease failed!
1524356888288 | p = [0.1575, 0.0011, 2.25, ]

1524356888288 | Failed twiddle.
1524356888288 | Decreasing dp[1]
1524356888288 | dp = [0.03375, 6.66667e-05, 0.225, ]
1524356888288 | Moving on from parameter 1.

1524356888288 | ----------------------i=2----------------------
1524356888288 | Try increasing p[2].
1524356888288 | p = [0.1575, 0.0011, 2.475, ]
1524356962172 | Run stats (1568 samples):
1524356962172 |    >Mean absolute error = 0.376857
1524356962172 |     Stdd absolute error = 0.19765
1524356962172 |     Mean error          = 0.138394
1524356962172 |    >Stdd error          = 0.320596
1524356962172 |    ==> objective = 1.07431
1524356962172 | err=1.07431 >= best=1.0101; increase failed!

1524356962172 | Try decreasing p[2].
1524356962172 | p = [0.1575, 0.0011, 2.025, ]
1524357036559 | Run stats (1568 samples):
1524357036559 |    >Mean absolute error = 0.398537
1524357036559 |     Stdd absolute error = 0.187179
1524357036559 |     Mean error          = 0.177369
1524357036559 |    >Stdd error          = 0.314632
1524357036559 |    ==> objective = 1.11171
1524357036559 | err=1.11171 >= best=1.0101; decrease failed!
1524357036559 | p = [0.1575, 0.0011, 2.25, ]

1524357036559 | Failed twiddle.
1524357036559 | Decreasing dp[2]
1524357036559 | dp = [0.03375, 6.66667e-05, 0.15, ]
1524357036559 | Moving on from parameter 2.

1524357036559 | =============Twiddle iteration 3==============
1524357036559 | Not yet converged. sum(dp)=0.183817 > tol=0.001

1524357036559 | ----------------------i=0----------------------
1524357036559 | Try increasing p[0].
1524357036559 | p = [0.19125, 0.0011, 2.25, ]
1524357111676 | Run stats (1568 samples):
1524357111676 |    >Mean absolute error = 0.377409
1524357111676 |     Stdd absolute error = 0.185689
1524357111676 |     Mean error          = 0.071864
1524357111676 |    >Stdd error          = 0.323049
1524357111676 |    ==> objective = 1.07787
1524357111676 | err=1.07787 >= best=1.0101; increase failed!

1524357111676 | Try decreasing p[0].
1524357111676 | p = [0.12375, 0.0011, 2.25, ]
1524357186348 | Run stats (1568 samples):
1524357186348 |    >Mean absolute error = 0.527915
1524357186348 |     Stdd absolute error = 0.314886
1524357186348 |     Mean error          = 0.22902
1524357186348 |    >Stdd error          = 0.541275
1524357186348 |    ==> objective = 1.59711
1524357186348 | err=1.59711 >= best=1.0101; decrease failed!
1524357186348 | p = [0.1575, 0.0011, 2.25, ]

1524357186348 | Failed twiddle.
1524357186348 | Decreasing dp[0]
1524357186348 | dp = [0.0225, 6.66667e-05, 0.15, ]
1524357186348 | Moving on from parameter 0.

1524357186348 | ----------------------i=1----------------------
1524357186348 | Try increasing p[1].
1524357186348 | p = [0.1575, 0.00116667, 2.25, ]
1524357260080 | Run stats (1568 samples):
1524357260080 |    >Mean absolute error = 0.394593
1524357260080 |     Stdd absolute error = 0.178952
1524357260080 |     Mean error          = 0.119518
1524357260080 |    >Stdd error          = 0.320461
1524357260080 |    ==> objective = 1.10965
1524357260080 | err=1.10965 >= best=1.0101; increase failed!

1524357260080 | Try decreasing p[1].
1524357260080 | p = [0.1575, 0.00103333, 2.25, ]
1524357334080 | Run stats (1568 samples):
1524357334080 |    >Mean absolute error = 0.375566
1524357334080 |     Stdd absolute error = 0.186938
1524357334080 |     Mean error          = 0.146498
1524357334080 |    >Stdd error          = 0.306602
1524357334080 |    ==> objective = 1.05773
1524357334080 | err=1.05773 >= best=1.0101; decrease failed!
1524357334080 | p = [0.1575, 0.0011, 2.25, ]

1524357334080 | Failed twiddle.
1524357334080 | Decreasing dp[1]
1524357334080 | dp = [0.0225, 4.44444e-05, 0.15, ]
1524357334080 | Moving on from parameter 1.

1524357334080 | ----------------------i=2----------------------
1524357334080 | Try increasing p[2].
1524357334080 | p = [0.1575, 0.0011, 2.4, ]
1524357407840 | Run stats (1568 samples):
1524357407840 |    >Mean absolute error = 0.368628
1524357407840 |     Stdd absolute error = 0.179908
1524357407840 |     Mean error          = 0.151232
1524357407840 |    >Stdd error          = 0.292996
1524357407840 |    ==> objective = 1.03025
1524357407840 | err=1.03025 >= best=1.0101; increase failed!

1524357407840 | Try decreasing p[2].
1524357407840 | p = [0.1575, 0.0011, 2.1, ]
1524357481468 | Run stats (1568 samples):
1524357481468 |    >Mean absolute error = 0.377433
1524357481468 |     Stdd absolute error = 0.167751
1524357481468 |     Mean error          = 0.158209
1524357481468 |    >Stdd error          = 0.285252
1524357481468 |    ==> objective = 1.04012
1524357481468 | err=1.04012 >= best=1.0101; decrease failed!
1524357481468 | p = [0.1575, 0.0011, 2.25, ]

1524357481468 | Failed twiddle.
1524357481468 | Decreasing dp[2]
1524357481468 | dp = [0.0225, 4.44444e-05, 0.1, ]
1524357481468 | Moving on from parameter 2.

1524357481468 | =============Twiddle iteration 4==============
1524357481468 | Not yet converged. sum(dp)=0.122544 > tol=0.001

1524357481468 | ----------------------i=0----------------------
1524357481468 | Try increasing p[0].
1524357481468 | p = [0.18, 0.0011, 2.25, ]
1524357555564 | Run stats (1568 samples):
1524357555564 |    >Mean absolute error = 0.335708
1524357555564 |     Stdd absolute error = 0.152157
1524357555564 |     Mean error          = 0.127907
1524357555564 |    >Stdd error          = 0.248559
1524357555564 |    ==> objective = 0.919976
1524357555564 | err=0.919976 < best=1.0101; increase of p[0] succeeded!
1524357555564 | Recording new best error of 0.919976 and increasing dp[0].
1524357555564 | dp = [0.03375, 4.44444e-05, 0.1, ]
1524357555564 | Best error decreased to 0.919976.
1524357555564 | Moving on from parameter 0.

1524357555564 | ----------------------i=1----------------------
1524357555564 | Try increasing p[1].
1524357555564 | p = [0.18, 0.00114444, 2.25, ]
1524357629811 | Run stats (1568 samples):
1524357629811 |    >Mean absolute error = 0.374661
1524357629811 |     Stdd absolute error = 0.165027
1524357629811 |     Mean error          = 0.165498
1524357629811 |    >Stdd error          = 0.27808
1524357629811 |    ==> objective = 1.0274
1524357629811 | err=1.0274 >= best=0.919976; increase failed!

1524357629811 | Try decreasing p[1].
1524357629811 | p = [0.18, 0.00105556, 2.25, ]
1524357703516 | Run stats (1568 samples):
1524357703516 |    >Mean absolute error = 0.388072
1524357703516 |     Stdd absolute error = 0.194241
1524357703516 |     Mean error          = 0.0750156
1524357703516 |    >Stdd error          = 0.339306
1524357703516 |    ==> objective = 1.11545
1524357703516 | err=1.11545 >= best=0.919976; decrease failed!
1524357703516 | p = [0.18, 0.0011, 2.25, ]

1524357703516 | Failed twiddle.
1524357703516 | Decreasing dp[1]
1524357703516 | dp = [0.03375, 2.96296e-05, 0.1, ]
1524357703516 | Moving on from parameter 1.

1524357703516 | ----------------------i=2----------------------
1524357703516 | Try increasing p[2].
1524357703516 | p = [0.18, 0.0011, 2.35, ]
1524357777423 | Run stats (1568 samples):
1524357777423 |    >Mean absolute error = 0.420592
1524357777423 |     Stdd absolute error = 0.227436
1524357777423 |     Mean error          = 0.214817
1524357777424 |    >Stdd error          = 0.35827
1524357777424 |    ==> objective = 1.19945
1524357777424 | err=1.19945 >= best=0.919976; increase failed!

1524357777424 | Try decreasing p[2].
1524357777424 | p = [0.18, 0.0011, 2.15, ]
1524357851336 | Run stats (1568 samples):
1524357851336 |    >Mean absolute error = 0.346631
1524357851336 |     Stdd absolute error = 0.147745
1524357851336 |     Mean error          = 0.109076
1524357851336 |    >Stdd error          = 0.25607
1524357851336 |    ==> objective = 0.949333
1524357851336 | err=0.949333 >= best=0.919976; decrease failed!
1524357851336 | p = [0.18, 0.0011, 2.25, ]

1524357851336 | Failed twiddle.
1524357851336 | Decreasing dp[2]
1524357851336 | dp = [0.03375, 2.96296e-05, 0.0666667, ]
1524357851336 | Moving on from parameter 2.

1524357851336 | =============Twiddle iteration 5==============
1524357851336 | Not yet converged. sum(dp)=0.100446 > tol=0.001

1524357851336 | ----------------------i=0----------------------
1524357851336 | Try increasing p[0].
1524357851336 | p = [0.21375, 0.0011, 2.25, ]
1524357925300 | Run stats (1568 samples):
1524357925300 |    >Mean absolute error = 0.318876
1524357925300 |     Stdd absolute error = 0.133473
1524357925300 |     Mean error          = 0.130151
1524357925300 |    >Stdd error          = 0.21827
1524357925300 |    ==> objective = 0.856022
1524357925300 | err=0.856022 < best=0.919976; increase of p[0] succeeded!
1524357925300 | Recording new best error of 0.856022 and increasing dp[0].
1524357925300 | dp = [0.050625, 2.96296e-05, 0.0666667, ]
1524357925300 | Best error decreased to 0.856022.
1524357925300 | Moving on from parameter 0.

1524357925300 | ----------------------i=1----------------------
1524357925300 | Try increasing p[1].
1524357925300 | p = [0.21375, 0.00112963, 2.25, ]
1524357999436 | Run stats (1568 samples):
1524357999436 |    >Mean absolute error = 0.316032
1524357999436 |     Stdd absolute error = 0.141663
1524357999436 |     Mean error          = 0.124176
1524357999436 |    >Stdd error          = 0.226174
1524357999436 |    ==> objective = 0.858238
1524357999436 | err=0.858238 >= best=0.856022; increase failed!

1524357999436 | Try decreasing p[1].
1524357999436 | p = [0.21375, 0.00107037, 2.25, ]
1524358074404 | Run stats (1568 samples):
1524358074404 |    >Mean absolute error = 0.338451
1524358074404 |     Stdd absolute error = 0.139014
1524358074404 |     Mean error          = 0.14688
1524358074404 |    >Stdd error          = 0.232049
1524358074404 |    ==> objective = 0.90895
1524358074404 | err=0.90895 >= best=0.856022; decrease failed!
1524358074404 | p = [0.21375, 0.0011, 2.25, ]

1524358074404 | Failed twiddle.
1524358074404 | Decreasing dp[1]
1524358074404 | dp = [0.050625, 1.97531e-05, 0.0666667, ]
1524358074404 | Moving on from parameter 1.

1524358074404 | ----------------------i=2----------------------
1524358074404 | Try increasing p[2].
1524358074404 | p = [0.21375, 0.0011, 2.31667, ]
1524358148708 | Run stats (1568 samples):
1524358148708 |    >Mean absolute error = 0.311189
1524358148708 |     Stdd absolute error = 0.142635
1524358148708 |     Mean error          = 0.117875
1524358148708 |    >Stdd error          = 0.225632
1524358148708 |    ==> objective = 0.84801
1524358148708 | err=0.84801 < best=0.856022; increase of p[2] succeeded!
1524358148708 | Recording new best error of 0.84801 and increasing dp[2].
1524358148708 | dp = [0.050625, 1.97531e-05, 0.1, ]
1524358148708 | Best error decreased to 0.84801.
1524358148708 | Moving on from parameter 2.

1524358148708 | =============Twiddle iteration 6==============
1524358148708 | Not yet converged. sum(dp)=0.150645 > tol=0.001

1524358148708 | ----------------------i=0----------------------
1524358148708 | Try increasing p[0].
1524358148708 | p = [0.264375, 0.0011, 2.31667, ]
1524358222920 | Run stats (1568 samples):
1524358222920 |    >Mean absolute error = 0.339135
1524358222920 |     Stdd absolute error = 0.133976
1524358222920 |     Mean error          = 0.143347
1524358222920 |    >Stdd error          = 0.228501
1524358222920 |    ==> objective = 0.906771
1524358222920 | err=0.906771 >= best=0.84801; increase failed!

1524358222920 | Try decreasing p[0].
1524358222920 | p = [0.163125, 0.0011, 2.31667, ]
1524358296404 | Run stats (1568 samples):
1524358296404 |    >Mean absolute error = 0.410772
1524358296404 |     Stdd absolute error = 0.217132
1524358296404 |     Mean error          = 0.0814784
1524358296404 |    >Stdd error          = 0.37933
1524358296404 |    ==> objective = 1.20087
1524358296404 | err=1.20087 >= best=0.84801; decrease failed!
1524358296404 | p = [0.21375, 0.0011, 2.31667, ]

1524358296404 | Failed twiddle.
1524358296404 | Decreasing dp[0]
1524358296404 | dp = [0.03375, 1.97531e-05, 0.1, ]
1524358296404 | Moving on from parameter 0.

1524358296404 | ----------------------i=1----------------------
1524358296404 | Try increasing p[1].
1524358296404 | p = [0.21375, 0.00111975, 2.31667, ]
1524358370449 | Run stats (1568 samples):
1524358370449 |    >Mean absolute error = 0.393173
1524358370449 |     Stdd absolute error = 0.202684
1524358370449 |     Mean error          = 0.197527
1524358370449 |    >Stdd error          = 0.318325
1524358370449 |    ==> objective = 1.10467
1524358370449 | err=1.10467 >= best=0.84801; increase failed!

1524358370449 | Try decreasing p[1].
1524358370449 | p = [0.21375, 0.00108025, 2.31667, ]
1524358443712 | Run stats (1568 samples):
1524358443712 |    >Mean absolute error = 0.321845
1524358443712 |     Stdd absolute error = 0.136308
1524358443712 |     Mean error          = 0.109944
1524358443712 |    >Stdd error          = 0.227863
1524358443712 |    ==> objective = 0.871554
1524358443712 | err=0.871554 >= best=0.84801; decrease failed!
1524358443712 | p = [0.21375, 0.0011, 2.31667, ]

1524358443712 | Failed twiddle.
1524358443712 | Decreasing dp[1]
1524358443712 | dp = [0.03375, 1.31687e-05, 0.1, ]
1524358443712 | Moving on from parameter 1.

1524358443712 | ----------------------i=2----------------------
1524358443712 | Try increasing p[2].
1524358443712 | p = [0.21375, 0.0011, 2.41667, ]
1524358517280 | Run stats (1568 samples):
1524358517280 |    >Mean absolute error = 0.31812
1524358517280 |     Stdd absolute error = 0.144165
1524358517280 |     Mean error          = 0.133965
1524358517280 |    >Stdd error          = 0.227471
1524358517280 |    ==> objective = 0.863711
1524358517280 | err=0.863711 >= best=0.84801; increase failed!

1524358517280 | Try decreasing p[2].
1524358517280 | p = [0.21375, 0.0011, 2.21667, ]
1524358590788 | Run stats (1568 samples):
1524358590788 |    >Mean absolute error = 0.306434
1524358590788 |     Stdd absolute error = 0.134059
1524358590788 |     Mean error          = 0.119704
1524358590788 |    >Stdd error          = 0.213682
1524358590788 |    ==> objective = 0.82655
1524358590788 | err=0.82655 < best=0.84801; decrease of p[2] succeeded!
1524358590788 | Recording new best error of 0.82655 and increasing dp[2].
1524358590788 | dp = [0.03375, 1.31687e-05, 0.15, ]
1524358590788 | Best error decreased to 0.82655.
1524358590788 | Moving on from parameter 2.

1524358590788 | =============Twiddle iteration 7==============
1524358590788 | Not yet converged. sum(dp)=0.183763 > tol=0.001

1524358590788 | ----------------------i=0----------------------
1524358590788 | Try increasing p[0].
1524358590788 | p = [0.2475, 0.0011, 2.21667, ]
1524358664256 | Run stats (1568 samples):
1524358664256 |    >Mean absolute error = 0.332853
1524358664256 |     Stdd absolute error = 0.126502
1524358664256 |     Mean error          = 0.135442
1524358664256 |    >Stdd error          = 0.219007
1524358664256 |    ==> objective = 0.884714
1524358664256 | err=0.884714 >= best=0.82655; increase failed!

1524358664256 | Try decreasing p[0].
1524358664256 | p = [0.18, 0.0011, 2.21667, ]
1524358738116 | Run stats (1568 samples):
1524358738116 |    >Mean absolute error = 0.345793
1524358738116 |     Stdd absolute error = 0.157968
1524358738116 |     Mean error          = 0.136349
1524358738116 |    >Stdd error          = 0.259014
1524358738116 |    ==> objective = 0.950601
1524358738116 | err=0.950601 >= best=0.82655; decrease failed!
1524358738116 | p = [0.21375, 0.0011, 2.21667, ]

1524358738116 | Failed twiddle.
1524358738116 | Decreasing dp[0]
1524358738116 | dp = [0.0225, 1.31687e-05, 0.15, ]
1524358738116 | Moving on from parameter 0.

1524358738116 | ----------------------i=1----------------------
1524358738116 | Try increasing p[1].
1524358738116 | p = [0.21375, 0.00111317, 2.21667, ]
1524358812084 | Run stats (1568 samples):
1524358812084 |    >Mean absolute error = 0.318831
1524358812084 |     Stdd absolute error = 0.134279
1524358812084 |     Mean error          = 0.124253
1524358812084 |    >Stdd error          = 0.220548
1524358812084 |    ==> objective = 0.85821
1524358812084 | err=0.85821 >= best=0.82655; increase failed!

1524358812084 | Try decreasing p[1].
1524358812084 | p = [0.21375, 0.00108683, 2.21667, ]
1524358885999 | Run stats (1568 samples):
1524358885999 |    >Mean absolute error = 0.354462
1524358885999 |     Stdd absolute error = 0.147383
1524358885999 |     Mean error          = 0.130834
1524358885999 |    >Stdd error          = 0.255978
1524358885999 |    ==> objective = 0.964901
1524358885999 | err=0.964901 >= best=0.82655; decrease failed!
1524358885999 | p = [0.21375, 0.0011, 2.21667, ]

1524358885999 | Failed twiddle.
1524358885999 | Decreasing dp[1]
1524358885999 | dp = [0.0225, 8.77915e-06, 0.15, ]
1524358885999 | Moving on from parameter 1.

1524358885999 | ----------------------i=2----------------------
1524358885999 | Try increasing p[2].
1524358885999 | p = [0.21375, 0.0011, 2.36667, ]
1524358960004 | Run stats (1568 samples):
1524358960004 |    >Mean absolute error = 0.368088
1524358960004 |     Stdd absolute error = 0.176514
1524358960004 |     Mean error          = 0.124561
1524358960004 |    >Stdd error          = 0.296564
1524358960004 |    ==> objective = 1.03274
1524358960004 | err=1.03274 >= best=0.82655; increase failed!

1524358960004 | Try decreasing p[2].
1524358960004 | p = [0.21375, 0.0011, 2.06667, ]
1524359034860 | Run stats (1568 samples):
1524359034860 |    >Mean absolute error = 0.380443
1524359034860 |     Stdd absolute error = 0.195166
1524359034860 |     Mean error          = 0.148634
1524359034860 |    >Stdd error          = 0.317889
1524359034860 |    ==> objective = 1.07878
1524359034860 | err=1.07878 >= best=0.82655; decrease failed!
1524359034860 | p = [0.21375, 0.0011, 2.21667, ]

1524359034860 | Failed twiddle.
1524359034860 | Decreasing dp[2]
1524359034860 | dp = [0.0225, 8.77915e-06, 0.1, ]
1524359034860 | Moving on from parameter 2.

1524359034860 | =============Twiddle iteration 8==============
1524359034860 | Not yet converged. sum(dp)=0.122509 > tol=0.001

1524359034860 | ----------------------i=0----------------------
1524359034860 | Try increasing p[0].
1524359034860 | p = [0.23625, 0.0011, 2.21667, ]
1524359109235 | Run stats (1568 samples):
1524359109235 |    >Mean absolute error = 0.319151
1524359109235 |     Stdd absolute error = 0.139234
1524359109235 |     Mean error          = 0.122831
1524359109235 |    >Stdd error          = 0.226058
1524359109235 |    ==> objective = 0.864359
1524359109235 | err=0.864359 >= best=0.82655; increase failed!

1524359109235 | Try decreasing p[0].
1524359109235 | p = [0.19125, 0.0011, 2.21667, ]
1524359182964 | Run stats (1568 samples):
1524359182964 |    >Mean absolute error = 0.326406
1524359182964 |     Stdd absolute error = 0.147238
1524359182964 |     Mean error          = 0.130611
1524359182964 |    >Stdd error          = 0.236777
1524359182964 |    ==> objective = 0.88959
1524359182964 | err=0.88959 >= best=0.82655; decrease failed!
1524359182964 | p = [0.21375, 0.0011, 2.21667, ]

1524359182964 | Failed twiddle.
1524359182964 | Decreasing dp[0]
1524359182964 | dp = [0.015, 8.77915e-06, 0.1, ]
1524359182964 | Moving on from parameter 0.

1524359182964 | ----------------------i=1----------------------
1524359182964 | Try increasing p[1].
1524359182964 | p = [0.21375, 0.00110878, 2.21667, ]
1524359256980 | Run stats (1568 samples):
1524359256980 |    >Mean absolute error = 0.339509
1524359256980 |     Stdd absolute error = 0.140124
1524359256980 |     Mean error          = 0.144349
1524359256980 |    >Stdd error          = 0.234614
1524359256980 |    ==> objective = 0.913632
1524359256980 | err=0.913632 >= best=0.82655; increase failed!

1524359256980 | Try decreasing p[1].
1524359256980 | p = [0.21375, 0.00109122, 2.21667, ]
1524359331728 | Run stats (1568 samples):
1524359331728 |    >Mean absolute error = 0.31616
1524359331728 |     Stdd absolute error = 0.131316
1524359331728 |     Mean error          = 0.120562
1524359331728 |    >Stdd error          = 0.216793
1524359331728 |    ==> objective = 0.849113
1524359331728 | err=0.849113 >= best=0.82655; decrease failed!
1524359331728 | p = [0.21375, 0.0011, 2.21667, ]

1524359331728 | Failed twiddle.
1524359331728 | Decreasing dp[1]
1524359331728 | dp = [0.015, 5.85277e-06, 0.1, ]
1524359331728 | Moving on from parameter 1.

1524359331728 | ----------------------i=2----------------------
1524359331728 | Try increasing p[2].
1524359331728 | p = [0.21375, 0.0011, 2.31667, ]
1524359406380 | Run stats (1568 samples):
1524359406380 |    >Mean absolute error = 0.338038
1524359406380 |     Stdd absolute error = 0.157804
1524359406380 |     Mean error          = 0.148815
1524359406380 |    >Stdd error          = 0.249986
1524359406380 |    ==> objective = 0.926062
1524359406380 | err=0.926062 >= best=0.82655; increase failed!

1524359406380 | Try decreasing p[2].
1524359406380 | p = [0.21375, 0.0011, 2.11667, ]
1524359481565 | Run stats (1568 samples):
1524359481565 |    >Mean absolute error = 0.361981
1524359481565 |     Stdd absolute error = 0.153
1524359481565 |     Mean error          = 0.0790942
1524359481565 |    >Stdd error          = 0.277854
1524359481565 |    ==> objective = 1.00182
1524359481565 | err=1.00182 >= best=0.82655; decrease failed!
1524359481565 | p = [0.21375, 0.0011, 2.21667, ]

1524359481565 | Failed twiddle.
1524359481565 | Decreasing dp[2]
1524359481565 | dp = [0.015, 5.85277e-06, 0.0666667, ]
1524359481565 | Moving on from parameter 2.

1524359481565 | =============Twiddle iteration 9==============
1524359481565 | Not yet converged. sum(dp)=0.0816725 > tol=0.001

1524359481565 | ----------------------i=0----------------------
1524359481565 | Try increasing p[0].
1524359481565 | p = [0.22875, 0.0011, 2.21667, ]
1524359557055 | Run stats (1568 samples):
1524359557055 |    >Mean absolute error = 0.377755
1524359557055 |     Stdd absolute error = 0.186954
1524359557055 |     Mean error          = 0.178943
1524359557055 |    >Stdd error          = 0.297703
1524359557055 |    ==> objective = 1.05321
1524359557055 | err=1.05321 >= best=0.82655; increase failed!

1524359557055 | Try decreasing p[0].
1524359557055 | p = [0.19875, 0.0011, 2.21667, ]
1524359631576 | Run stats (1568 samples):
1524359631576 |    >Mean absolute error = 0.320258
1524359631576 |     Stdd absolute error = 0.140392
1524359631576 |     Mean error          = 0.118932
1524359631576 |    >Stdd error          = 0.228869
1524359631576 |    ==> objective = 0.869386
1524359631576 | err=0.869386 >= best=0.82655; decrease failed!
1524359631576 | p = [0.21375, 0.0011, 2.21667, ]

1524359631576 | Failed twiddle.
1524359631576 | Decreasing dp[0]
1524359631576 | dp = [0.01, 5.85277e-06, 0.0666667, ]
1524359631576 | Moving on from parameter 0.

1524359631576 | ----------------------i=1----------------------
1524359631576 | Try increasing p[1].
1524359631576 | p = [0.21375, 0.00110585, 2.21667, ]
1524359706236 | Run stats (1568 samples):
1524359706236 |    >Mean absolute error = 0.313634
1524359706236 |     Stdd absolute error = 0.136026
1524359706236 |     Mean error          = 0.124054
1524359706236 |    >Stdd error          = 0.219056
1524359706236 |    ==> objective = 0.846323
1524359706236 | err=0.846323 >= best=0.82655; increase failed!

1524359706236 | Try decreasing p[1].
1524359706236 | p = [0.21375, 0.00109415, 2.21667, ]
1524359781312 | Run stats (1568 samples):
1524359781312 |    >Mean absolute error = 0.330179
1524359781312 |     Stdd absolute error = 0.144629
1524359781312 |     Mean error          = 0.137923
1524359781312 |    >Stdd error          = 0.234681
1524359781312 |    ==> objective = 0.895039
1524359781312 | err=0.895039 >= best=0.82655; decrease failed!
1524359781312 | p = [0.21375, 0.0011, 2.21667, ]

1524359781312 | Failed twiddle.
1524359781312 | Decreasing dp[1]
1524359781312 | dp = [0.01, 3.90184e-06, 0.0666667, ]
1524359781312 | Moving on from parameter 1.

1524359781312 | ----------------------i=2----------------------
1524359781312 | Try increasing p[2].
1524359781312 | p = [0.21375, 0.0011, 2.28333, ]
1524359856396 | Run stats (1568 samples):
1524359856396 |    >Mean absolute error = 0.324682
1524359856396 |     Stdd absolute error = 0.142376
1524359856396 |     Mean error          = 0.13175
1524359856396 |    >Stdd error          = 0.230493
1524359856396 |    ==> objective = 0.879856
1524359856396 | err=0.879856 >= best=0.82655; increase failed!

1524359856396 | Try decreasing p[2].
1524359856396 | p = [0.21375, 0.0011, 2.15, ]
1524359931248 | Run stats (1568 samples):
1524359931248 |    >Mean absolute error = 0.316715
1524359931248 |     Stdd absolute error = 0.1344
1524359931248 |     Mean error          = 0.124799
1524359931248 |    >Stdd error          = 0.219188
1524359931248 |    ==> objective = 0.852617
1524359931248 | err=0.852617 >= best=0.82655; decrease failed!
1524359931248 | p = [0.21375, 0.0011, 2.21667, ]

1524359931248 | Failed twiddle.
1524359931248 | Decreasing dp[2]
1524359931248 | dp = [0.01, 3.90184e-06, 0.0444444, ]
1524359931248 | Moving on from parameter 2.

1524359931248 | =============Twiddle iteration 10==============
1524359931248 | Not yet converged. sum(dp)=0.0544483 > tol=0.001

1524359931248 | ----------------------i=0----------------------
1524359931248 | Try increasing p[0].
1524359931248 | p = [0.22375, 0.0011, 2.21667, ]
1524360005884 | Run stats (1568 samples):
1524360005884 |    >Mean absolute error = 0.351796
1524360005884 |     Stdd absolute error = 0.140496
1524360005884 |     Mean error          = 0.129199
1524360005884 |    >Stdd error          = 0.247632
1524360005884 |    ==> objective = 0.951224
1524360005884 | err=0.951224 >= best=0.82655; increase failed!

1524360005884 | Try decreasing p[0].
1524360005884 | p = [0.20375, 0.0011, 2.21667, ]
1524360080256 | Run stats (1568 samples):
1524360080256 |    >Mean absolute error = 0.369719
1524360080256 |     Stdd absolute error = 0.171859
1524360080256 |     Mean error          = 0.13118
1524360080256 |    >Stdd error          = 0.291419
1524360080256 |    ==> objective = 1.03086
1524360080256 | err=1.03086 >= best=0.82655; decrease failed!
1524360080256 | p = [0.21375, 0.0011, 2.21667, ]

1524360080256 | Failed twiddle.
1524360080256 | Decreasing dp[0]
1524360080256 | dp = [0.00666667, 3.90184e-06, 0.0444444, ]
1524360080256 | Moving on from parameter 0.

1524360080256 | ----------------------i=1----------------------
1524360080256 | Try increasing p[1].
1524360080256 | p = [0.21375, 0.0011039, 2.21667, ]
1524360154471 | Run stats (1568 samples):
1524360154471 |    >Mean absolute error = 0.362676
1524360154471 |     Stdd absolute error = 0.18532
1524360154471 |     Mean error          = 0.140378
1524360154471 |    >Stdd error          = 0.297219
1524360154471 |    ==> objective = 1.02257
1524360154471 | err=1.02257 >= best=0.82655; increase failed!

1524360154472 | Try decreasing p[1].
1524360154472 | p = [0.21375, 0.0010961, 2.21667, ]
1524360228740 | Run stats (1568 samples):
1524360228740 |    >Mean absolute error = 0.314396
1524360228740 |     Stdd absolute error = 0.133186
1524360228740 |     Mean error          = 0.129256
1524360228740 |    >Stdd error          = 0.215376
1524360228740 |    ==> objective = 0.844167
1524360228740 | err=0.844167 >= best=0.82655; decrease failed!
1524360228740 | p = [0.21375, 0.0011, 2.21667, ]

1524360228740 | Failed twiddle.
1524360228740 | Decreasing dp[1]
1524360228740 | dp = [0.00666667, 2.60123e-06, 0.0444444, ]
1524360228740 | Moving on from parameter 1.

1524360228740 | ----------------------i=2----------------------
1524360228740 | Try increasing p[2].
1524360228740 | p = [0.21375, 0.0011, 2.26111, ]
1524360303252 | Run stats (1568 samples):
1524360303252 |    >Mean absolute error = 0.319533
1524360303252 |     Stdd absolute error = 0.143056
1524360303252 |     Mean error          = 0.125731
1524360303252 |    >Stdd error          = 0.229405
1524360303252 |    ==> objective = 0.868471
1524360303252 | err=0.868471 >= best=0.82655; increase failed!

1524360303252 | Try decreasing p[2].
1524360303252 | p = [0.21375, 0.0011, 2.17222, ]
1524360377560 | Run stats (1568 samples):
1524360377560 |    >Mean absolute error = 0.338738
1524360377560 |     Stdd absolute error = 0.141966
1524360377560 |     Mean error          = 0.14657
1524360377560 |    >Stdd error          = 0.235286
1524360377560 |    ==> objective = 0.912761
1524360377560 | err=0.912761 >= best=0.82655; decrease failed!
1524360377560 | p = [0.21375, 0.0011, 2.21667, ]

1524360377560 | Failed twiddle.
1524360377560 | Decreasing dp[2]
1524360377560 | dp = [0.00666667, 2.60123e-06, 0.0296296, ]
1524360377560 | Moving on from parameter 2.

1524360377560 | =============Twiddle iteration 11==============
1524360377560 | Not yet converged. sum(dp)=0.0362989 > tol=0.001

1524360377560 | ----------------------i=0----------------------
1524360377560 | Try increasing p[0].
1524360377560 | p = [0.220417, 0.0011, 2.21667, ]
1524360452608 | Run stats (1568 samples):
1524360452608 |    >Mean absolute error = 0.319329
1524360452608 |     Stdd absolute error = 0.13827
1524360452608 |     Mean error          = 0.118136
1524360452608 |    >Stdd error          = 0.226341
1524360452608 |    ==> objective = 0.864999
1524360452608 | err=0.864999 >= best=0.82655; increase failed!

1524360452608 | Try decreasing p[0].
1524360452608 | p = [0.207083, 0.0011, 2.21667, ]
1524360527255 | Run stats (1568 samples):
1524360527255 |    >Mean absolute error = 0.34756
1524360527255 |     Stdd absolute error = 0.154168
1524360527255 |     Mean error          = 0.153924
1524360527255 |    >Stdd error          = 0.251335
1524360527255 |    ==> objective = 0.946456
1524360527255 | err=0.946456 >= best=0.82655; decrease failed!
1524360527256 | p = [0.21375, 0.0011, 2.21667, ]

1524360527256 | Failed twiddle.
1524360527256 | Decreasing dp[0]
1524360527256 | dp = [0.00444444, 2.60123e-06, 0.0296296, ]
1524360527256 | Moving on from parameter 0.

1524360527256 | ----------------------i=1----------------------
1524360527256 | Try increasing p[1].
1524360527256 | p = [0.21375, 0.0011026, 2.21667, ]
1524360601448 | Run stats (1568 samples):
1524360601448 |    >Mean absolute error = 0.348889
1524360601448 |     Stdd absolute error = 0.149091
1524360601448 |     Mean error          = 0.0716099
1524360601448 |    >Stdd error          = 0.265761
1524360601448 |    ==> objective = 0.96354
1524360601448 | err=0.96354 >= best=0.82655; increase failed!

1524360601448 | Try decreasing p[1].
1524360601448 | p = [0.21375, 0.0010974, 2.21667, ]
1524360675988 | Run stats (1568 samples):
1524360675988 |    >Mean absolute error = 0.375255
1524360675988 |     Stdd absolute error = 0.190988
1524360675988 |     Mean error          = 0.188049
1524360675988 |    >Stdd error          = 0.296509
1524360675988 |    ==> objective = 1.04702
1524360675988 | err=1.04702 >= best=0.82655; decrease failed!
1524360675988 | p = [0.21375, 0.0011, 2.21667, ]

1524360675988 | Failed twiddle.
1524360675988 | Decreasing dp[1]
1524360675988 | dp = [0.00444444, 1.73415e-06, 0.0296296, ]
1524360675988 | Moving on from parameter 1.

1524360675988 | ----------------------i=2----------------------
1524360675988 | Try increasing p[2].
1524360675988 | p = [0.21375, 0.0011, 2.2463, ]
1524360750828 | Run stats (1568 samples):
1524360750828 |    >Mean absolute error = 0.324017
1524360750828 |     Stdd absolute error = 0.147164
1524360750828 |     Mean error          = 0.112754
1524360750828 |    >Stdd error          = 0.239496
1524360750828 |    ==> objective = 0.88753
1524360750828 | err=0.88753 >= best=0.82655; increase failed!

1524360750828 | Try decreasing p[2].
1524360750828 | p = [0.21375, 0.0011, 2.18704, ]
1524360826212 | Run stats (1568 samples):
1524360826212 |    >Mean absolute error = 0.309242
1524360826212 |     Stdd absolute error = 0.137157
1524360826212 |     Mean error          = 0.127879
1524360826212 |    >Stdd error          = 0.216485
1524360826212 |    ==> objective = 0.834968
1524360826212 | err=0.834968 >= best=0.82655; decrease failed!
1524360826212 | p = [0.21375, 0.0011, 2.21667, ]

1524360826212 | Failed twiddle.
1524360826212 | Decreasing dp[2]
1524360826212 | dp = [0.00444444, 1.73415e-06, 0.0197531, ]
1524360826212 | Moving on from parameter 2.

1524360826212 | =============Twiddle iteration 12==============
1524360826212 | Not yet converged. sum(dp)=0.0241993 > tol=0.001

1524360826212 | ----------------------i=0----------------------
1524360826212 | Try increasing p[0].
1524360826212 | p = [0.218194, 0.0011, 2.21667, ]
1524360901812 | Run stats (1568 samples):
1524360901812 |    >Mean absolute error = 0.329504
1524360901812 |     Stdd absolute error = 0.142695
1524360901812 |     Mean error          = 0.141207
1524360901812 |    >Stdd error          = 0.231384
1524360901812 |    ==> objective = 0.890392
1524360901812 | err=0.890392 >= best=0.82655; increase failed!

1524360901812 | Try decreasing p[0].
1524360901812 | p = [0.209306, 0.0011, 2.21667, ]
1524360976744 | Run stats (1568 samples):
1524360976744 |    >Mean absolute error = 0.324652
1524360976744 |     Stdd absolute error = 0.138716
1524360976744 |     Mean error          = 0.132667
1524360976744 |    >Stdd error          = 0.22657
1524360976744 |    ==> objective = 0.875873
1524360976744 | err=0.875873 >= best=0.82655; decrease failed!
1524360976744 | p = [0.21375, 0.0011, 2.21667, ]

1524360976744 | Failed twiddle.
1524360976744 | Decreasing dp[0]
1524360976744 | dp = [0.00296296, 1.73415e-06, 0.0197531, ]
1524360976744 | Moving on from parameter 0.

1524360976744 | ----------------------i=1----------------------
1524360976744 | Try increasing p[1].
1524360976744 | p = [0.21375, 0.00110173, 2.21667, ]
